<?xml version="1.0" encoding="UTF-8"?>
<testng-results skipped="0" failed="0" ignored="0" total="1" passed="1">
  <reporter-output>
  </reporter-output>
  <suite name="BDD Test Suite" duration-ms="31346" started-at="2020-10-11T04:19:06Z" finished-at="2020-10-11T04:19:38Z">
    <groups>
      <group name="cucumber">
        <method signature="Runner.feature(cucumber.api.testng.CucumberFeatureWrapper)[pri:0, instance:com.tutorialsninja.Runner@3bfdc050]" name="feature" class="com.tutorialsninja.Runner"/>
      </group> <!-- cucumber -->
    </groups>
    <test name="Test" duration-ms="31346" started-at="2020-10-11T04:19:06Z" finished-at="2020-10-11T04:19:38Z">
      <class name="com.tutorialsninja.Runner">
        <test-method status="PASS" signature="setUpClass()[pri:0, instance:com.tutorialsninja.Runner@3bfdc050]" name="setUpClass" is-config="true" duration-ms="230" started-at="2020-10-11T04:19:06Z" finished-at="2020-10-11T04:19:07Z">
          <reporter-output>
          </reporter-output>
        </test-method> <!-- setUpClass -->
        <test-method status="PASS" signature="feature(cucumber.api.testng.CucumberFeatureWrapper)[pri:0, instance:com.tutorialsninja.Runner@3bfdc050]" name="feature" duration-ms="30964" started-at="2020-10-11T04:19:07Z" description="Runs Cucumber Feature" data-provider="features" finished-at="2020-10-11T04:19:38Z">
          <params>
            <param index="0">
              <value>
                <![CDATA[Title of your feature]]>
              </value>
            </param>
          </params>
          <reporter-output>
          </reporter-output>
        </test-method> <!-- feature -->
        <test-method status="PASS" signature="tearDownClass()[pri:0, instance:com.tutorialsninja.Runner@3bfdc050]" name="tearDownClass" is-config="true" duration-ms="17" started-at="2020-10-11T04:19:38Z" finished-at="2020-10-11T04:19:38Z">
          <reporter-output>
          </reporter-output>
        </test-method> <!-- tearDownClass -->
      </class> <!-- com.tutorialsninja.Runner -->
    </test> <!-- Test -->
  </suite> <!-- BDD Test Suite -->
</testng-results>
